

***********************************************************************
Fatal NI connect error 12541, connecting to:
 (DESCRIPTION=(ADDRESS=(PROTOCOL=TCP)(HOST=devdb.db.cj.com)(PORT=1541))(ORA_ENCRYPT_LOGIN=TRUE)(CONNECT_DATA=(SERVICE_NAME=devdb)(CID=(PROGRAM=sqlplus)(HOST=mschober-Latitude-E6410)(USER=mschober))))

  VERSION INFORMATION:
	TNS for Linux: Version 10.2.0.5.0 - Production
	TCP/IP NT Protocol Adapter for Linux: Version 10.2.0.5.0 - Production
  Time: 20-MAR-2012 14:13:52
  Tracing not turned on.
  Tns error struct:
    ns main err code: 12541
    TNS-12541: Message 12541 not found; No message file for product=network, facility=TNS
    ns secondary err code: 12560
    nt main err code: 511
    TNS-00511: Message 511 not found; No message file for product=network, facility=TNS
    nt secondary err code: 111
    nt OS err code: 0


***********************************************************************
Fatal NI connect error 12541, connecting to:
 (DESCRIPTION=(ADDRESS=(PROTOCOL=TCP)(HOST=devdb.db.cj.com)(PORT=1541))(ORA_ENCRYPT_LOGIN=TRUE)(CONNECT_DATA=(SERVICE_NAME=devdb)(CID=(PROGRAM=sqlplus)(HOST=mschober-Latitude-E6410)(USER=mschober))))

  VERSION INFORMATION:
	TNS for Linux: Version 10.2.0.5.0 - Production
	TCP/IP NT Protocol Adapter for Linux: Version 10.2.0.5.0 - Production
  Time: 20-MAR-2012 14:14:22
  Tracing not turned on.
  Tns error struct:
    ns main err code: 12541
    TNS-12541: Message 12541 not found; No message file for product=network, facility=TNS
    ns secondary err code: 12560
    nt main err code: 511
    TNS-00511: Message 511 not found; No message file for product=network, facility=TNS
    nt secondary err code: 111
    nt OS err code: 0


***********************************************************************
Fatal NI connect error 12541, connecting to:
 (DESCRIPTION=(ADDRESS=(PROTOCOL=TCP)(HOST=devdb.db.cj.com)(PORT=1541))(ORA_ENCRYPT_LOGIN=TRUE)(CONNECT_DATA=(SERVICE_NAME=devdb)(CID=(PROGRAM=sqlplus)(HOST=mschober-Latitude-E6410)(USER=mschober))))

  VERSION INFORMATION:
	TNS for Linux: Version 10.2.0.5.0 - Production
	TCP/IP NT Protocol Adapter for Linux: Version 10.2.0.5.0 - Production
  Time: 03-MAY-2012 11:00:45
  Tracing not turned on.
  Tns error struct:
    ns main err code: 12541
    TNS-12541: Message 12541 not found; No message file for product=network, facility=TNS
    ns secondary err code: 12560
    nt main err code: 511
    TNS-00511: Message 511 not found; No message file for product=network, facility=TNS
    nt secondary err code: 111
    nt OS err code: 0


***********************************************************************
Fatal NI connect error 12541, connecting to:
 (DESCRIPTION=(ADDRESS=(PROTOCOL=TCP)(HOST=devdb.db.cj.com)(PORT=1541))(ORA_ENCRYPT_LOGIN=TRUE)(CONNECT_DATA=(SERVICE_NAME=devdb)(CID=(PROGRAM=sqlplus)(HOST=mschober-Latitude-E6410)(USER=mschober))))

  VERSION INFORMATION:
	TNS for Linux: Version 10.2.0.5.0 - Production
	TCP/IP NT Protocol Adapter for Linux: Version 10.2.0.5.0 - Production
  Time: 03-MAY-2012 11:01:03
  Tracing not turned on.
  Tns error struct:
    ns main err code: 12541
    TNS-12541: Message 12541 not found; No message file for product=network, facility=TNS
    ns secondary err code: 12560
    nt main err code: 511
    TNS-00511: Message 511 not found; No message file for product=network, facility=TNS
    nt secondary err code: 111
    nt OS err code: 0
